<?xml version="1.0" encoding="UTF-8"?>
<testsuite xmlns:xsi="http://www.w3.org/2001/XMLSchema-instance" xsi:noNamespaceSchemaLocation="https://maven.apache.org/surefire/maven-surefire-plugin/xsd/surefire-test-report.xsd" version="3.0.2" name="co.edu.poli.examen2_lopez.unitaria.TestInmueble" time="0.024" tests="3" errors="0" skipped="0" failures="0">
  <properties>
[...]
</properties>
  <testcase name="vender_cambiaEstadoAFalso" classname="co.edu.poli.examen2_lopez.unitaria.TestInmueble" time="0.003"/>
  <testcase name="gettersFuncionan" classname="co.edu.poli.examen2_lopez.unitaria.TestInmueble" time="0.006"/>
  <testcase name="alquilar_cambiaEstadoAVerdadero" classname="co.edu.poli.examen2_lopez.unitaria.TestInmueble" time="0.004"/>
</testsuite>